#! /c/Source/iverilog-install/bin/vvp
:ivl_version "12.0 (devel)" "(s20150603-1539-g2693dd32b)";
:ivl_delay_selection "TYPICAL";
:vpi_time_precision + 0;
:vpi_module "C:\iverilog\lib\ivl\system.vpi";
:vpi_module "C:\iverilog\lib\ivl\vhdl_sys.vpi";
:vpi_module "C:\iverilog\lib\ivl\vhdl_textio.vpi";
:vpi_module "C:\iverilog\lib\ivl\v2005_math.vpi";
:vpi_module "C:\iverilog\lib\ivl\va_math.vpi";
:vpi_module "C:\iverilog\lib\ivl\v2009.vpi";
S_000002d47bc59bf0 .scope package, "$unit" "$unit" 2 1;
 .timescale 0 0;
S_000002d47bc72510 .scope module, "fifo" "fifo" 3 1;
 .timescale 0 0;
    .port_info 0 /INPUT 1 "clk";
    .port_info 1 /INPUT 1 "enable";
    .port_info 2 /INPUT 8 "data_in";
    .port_info 3 /OUTPUT 8 "data_out";
o000002d47bca6fd8 .functor BUFZ 1, C4<z>; HiZ drive
v000002d47bc72be0_0 .net "clk", 0 0, o000002d47bca6fd8;  0 drivers
o000002d47bca7008 .functor BUFZ 8, C4<zzzzzzzz>; HiZ drive
v000002d47bc59d80_0 .net "data_in", 7 0, o000002d47bca7008;  0 drivers
v000002d47bc726a0_0 .var "data_out", 7 0;
o000002d47bca7068 .functor BUFZ 1, C4<z>; HiZ drive
v000002d47bc72740_0 .net "enable", 0 0, o000002d47bca7068;  0 drivers
v000002d47bc727e0_0 .var "i", 3 0;
E_000002d47bc58c60 .event posedge, v000002d47bc72be0_0;
    .scope S_000002d47bc72510;
T_0 ;
    %pushi/vec4 1, 0, 4;
    %store/vec4 v000002d47bc727e0_0, 0, 4;
    %end;
    .thread T_0;
    .scope S_000002d47bc72510;
T_1 ;
    %wait E_000002d47bc58c60;
    %load/vec4 v000002d47bc72740_0;
    %flag_set/vec4 9;
    %flag_get/vec4 9;
    %jmp/0 T_1.2, 9;
    %load/vec4 v000002d47bc727e0_0;
    %pad/u 32;
    %cmpi/u 9, 0, 32;
    %flag_get/vec4 5;
    %and;
T_1.2;
    %flag_set/vec4 8;
    %jmp/0xz  T_1.0, 8;
    ; show_stmt_assign_vector: Get l-value for compressed += operand
    %load/vec4 v000002d47bc727e0_0;
    %pushi/vec4 1, 0, 4;
    %add;
    %store/vec4 v000002d47bc727e0_0, 0, 4;
T_1.0 ;
    %jmp T_1;
    .thread T_1;
# The file index is used to find the file name in the following table.
:file_names 4;
    "N/A";
    "<interactive>";
    "-";
    "fifo.sv";
