#! /c/Source/iverilog-install/bin/vvp
:ivl_version "12.0 (devel)" "(s20150603-1539-g2693dd32b)";
:ivl_delay_selection "TYPICAL";
:vpi_time_precision + 0;
:vpi_module "C:\iverilog\lib\ivl\system.vpi";
:vpi_module "C:\iverilog\lib\ivl\vhdl_sys.vpi";
:vpi_module "C:\iverilog\lib\ivl\vhdl_textio.vpi";
:vpi_module "C:\iverilog\lib\ivl\v2005_math.vpi";
:vpi_module "C:\iverilog\lib\ivl\va_math.vpi";
:vpi_module "C:\iverilog\lib\ivl\v2009.vpi";
S_0000022cc4dfc8d0 .scope package, "$unit" "$unit" 2 1;
 .timescale 0 0;
S_0000022cc4e04640 .scope module, "tb" "tb" 3 2;
 .timescale 0 0;
v0000022cc4e8b0b0_0 .var "clk", 0 0;
v0000022cc4e8b150_0 .net "huffman_outp", 5 0, v0000022cc4e1c430_0;  1 drivers
v0000022cc4e8b1f0_0 .var "i", 7 0;
v0000022cc4e8b290_0 .var "in", 0 0;
v0000022cc4e8b330_0 .var "rst", 0 0;
S_0000022cc4e1c2a0 .scope module, "huffman_dec" "huffman_decoder_serial" 3 7, 4 1 0, S_0000022cc4e04640;
 .timescale 0 0;
    .port_info 0 /INPUT 1 "clk";
    .port_info 1 /INPUT 1 "rst";
    .port_info 2 /INPUT 1 "in";
    .port_info 3 /OUTPUT 6 "huffman_outp";
P_0000022cc4dd2550 .param/l "S1" 0 4 8, C4<00>;
P_0000022cc4dd2588 .param/l "S10" 0 4 17, C4<1111000>;
P_0000022cc4dd25c0 .param/l "S11" 0 4 18, C4<1111001>;
P_0000022cc4dd25f8 .param/l "S12" 0 4 19, C4<1111010>;
P_0000022cc4dd2630 .param/l "S13" 0 4 20, C4<1111011>;
P_0000022cc4dd2668 .param/l "S14" 0 4 21, C4<1111100>;
P_0000022cc4dd26a0 .param/l "S15" 0 4 22, C4<1111101>;
P_0000022cc4dd26d8 .param/l "S16" 0 4 23, C4<1111110>;
P_0000022cc4dd2710 .param/l "S17" 0 4 24, C4<11111110>;
P_0000022cc4dd2748 .param/l "S18" 0 4 25, C4<11111111>;
P_0000022cc4dd2780 .param/l "S2" 0 4 9, C4<01>;
P_0000022cc4dd27b8 .param/l "S3" 0 4 10, C4<10>;
P_0000022cc4dd27f0 .param/l "S4" 0 4 11, C4<110>;
P_0000022cc4dd2828 .param/l "S5" 0 4 12, C4<111000>;
P_0000022cc4dd2860 .param/l "S6" 0 4 13, C4<111001>;
P_0000022cc4dd2898 .param/l "S7" 0 4 14, C4<111010>;
P_0000022cc4dd28d0 .param/l "S8" 0 4 15, C4<1110110>;
P_0000022cc4dd2908 .param/l "S9" 0 4 16, C4<1110111>;
v0000022cc4dd2c40_0 .var "buffer", 7 0;
v0000022cc4dd2950_0 .net "clk", 0 0, v0000022cc4e8b0b0_0;  1 drivers
v0000022cc4cab010_0 .var "counter", 3 0;
v0000022cc4e1c430_0 .var "huffman_outp", 5 0;
v0000022cc4e1c4d0_0 .net "in", 0 0, v0000022cc4e8b290_0;  1 drivers
v0000022cc4e1c570_0 .var "next_counter", 3 0;
v0000022cc4e1c610_0 .net "rst", 0 0, v0000022cc4e8b330_0;  1 drivers
v0000022cc4e8b010_0 .var "y", 0 0;
E_0000022cc4e35140 .event posedge, v0000022cc4dd2950_0;
E_0000022cc4e352c0 .event anyedge, v0000022cc4cab010_0;
    .scope S_0000022cc4e1c2a0;
T_0 ;
    %wait E_0000022cc4e352c0;
    %load/vec4 v0000022cc4cab010_0;
    %dup/vec4;
    %pushi/vec4 0, 15, 4;
    %cmp/u;
    %jmp/1 T_0.0, 6;
    %dup/vec4;
    %pushi/vec4 0, 0, 4;
    %cmp/u;
    %jmp/1 T_0.1, 6;
    %dup/vec4;
    %pushi/vec4 1, 0, 4;
    %cmp/u;
    %jmp/1 T_0.2, 6;
    %dup/vec4;
    %pushi/vec4 2, 0, 4;
    %cmp/u;
    %jmp/1 T_0.3, 6;
    %dup/vec4;
    %pushi/vec4 3, 0, 4;
    %cmp/u;
    %jmp/1 T_0.4, 6;
    %dup/vec4;
    %pushi/vec4 4, 0, 4;
    %cmp/u;
    %jmp/1 T_0.5, 6;
    %dup/vec4;
    %pushi/vec4 5, 0, 4;
    %cmp/u;
    %jmp/1 T_0.6, 6;
    %dup/vec4;
    %pushi/vec4 6, 0, 4;
    %cmp/u;
    %jmp/1 T_0.7, 6;
    %dup/vec4;
    %pushi/vec4 7, 0, 4;
    %cmp/u;
    %jmp/1 T_0.8, 6;
    %jmp T_0.9;
T_0.0 ;
    %pushi/vec4 0, 0, 4;
    %store/vec4 v0000022cc4e1c570_0, 0, 4;
    %jmp T_0.9;
T_0.1 ;
    %pushi/vec4 1, 0, 4;
    %store/vec4 v0000022cc4e1c570_0, 0, 4;
    %load/vec4 v0000022cc4e1c4d0_0;
    %ix/load 4, 7, 0;
    %flag_set/imm 4, 0;
    %store/vec4 v0000022cc4dd2c40_0, 4, 1;
    %pushi/vec4 0, 0, 1;
    %store/vec4 v0000022cc4e8b010_0, 0, 1;
    %jmp T_0.9;
T_0.2 ;
    %pushi/vec4 2, 0, 4;
    %store/vec4 v0000022cc4e1c570_0, 0, 4;
    %load/vec4 v0000022cc4e1c4d0_0;
    %ix/load 4, 6, 0;
    %flag_set/imm 4, 0;
    %store/vec4 v0000022cc4dd2c40_0, 4, 1;
    %load/vec4 v0000022cc4dd2c40_0;
    %parti/s 2, 6, 4;
    %dup/vec4;
    %pushi/vec4 0, 0, 2;
    %cmp/u;
    %jmp/1 T_0.10, 6;
    %dup/vec4;
    %pushi/vec4 1, 0, 2;
    %cmp/u;
    %jmp/1 T_0.11, 6;
    %dup/vec4;
    %pushi/vec4 2, 0, 2;
    %cmp/u;
    %jmp/1 T_0.12, 6;
    %jmp T_0.13;
T_0.10 ;
    %pushi/vec4 1, 0, 6;
    %store/vec4 v0000022cc4e1c430_0, 0, 6;
    %pushi/vec4 1, 0, 1;
    %store/vec4 v0000022cc4e8b010_0, 0, 1;
    %jmp T_0.13;
T_0.11 ;
    %pushi/vec4 2, 0, 6;
    %store/vec4 v0000022cc4e1c430_0, 0, 6;
    %pushi/vec4 1, 0, 1;
    %store/vec4 v0000022cc4e8b010_0, 0, 1;
    %jmp T_0.13;
T_0.12 ;
    %pushi/vec4 3, 0, 6;
    %store/vec4 v0000022cc4e1c430_0, 0, 6;
    %pushi/vec4 1, 0, 1;
    %store/vec4 v0000022cc4e8b010_0, 0, 1;
    %jmp T_0.13;
T_0.13 ;
    %pop/vec4 1;
    %jmp T_0.9;
T_0.3 ;
    %pushi/vec4 3, 0, 4;
    %store/vec4 v0000022cc4e1c570_0, 0, 4;
    %load/vec4 v0000022cc4e1c4d0_0;
    %ix/load 4, 5, 0;
    %flag_set/imm 4, 0;
    %store/vec4 v0000022cc4dd2c40_0, 4, 1;
    %load/vec4 v0000022cc4dd2c40_0;
    %parti/s 3, 5, 4;
    %dup/vec4;
    %pushi/vec4 6, 0, 3;
    %cmp/u;
    %jmp/1 T_0.14, 6;
    %jmp T_0.15;
T_0.14 ;
    %pushi/vec4 4, 0, 6;
    %store/vec4 v0000022cc4e1c430_0, 0, 6;
    %pushi/vec4 1, 0, 1;
    %store/vec4 v0000022cc4e8b010_0, 0, 1;
    %jmp T_0.15;
T_0.15 ;
    %pop/vec4 1;
    %jmp T_0.9;
T_0.4 ;
    %pushi/vec4 4, 0, 4;
    %store/vec4 v0000022cc4e1c570_0, 0, 4;
    %load/vec4 v0000022cc4e1c4d0_0;
    %ix/load 4, 4, 0;
    %flag_set/imm 4, 0;
    %store/vec4 v0000022cc4dd2c40_0, 4, 1;
    %pushi/vec4 0, 0, 1;
    %store/vec4 v0000022cc4e8b010_0, 0, 1;
    %jmp T_0.9;
T_0.5 ;
    %pushi/vec4 5, 0, 4;
    %store/vec4 v0000022cc4e1c570_0, 0, 4;
    %load/vec4 v0000022cc4e1c4d0_0;
    %ix/load 4, 3, 0;
    %flag_set/imm 4, 0;
    %store/vec4 v0000022cc4dd2c40_0, 4, 1;
    %pushi/vec4 0, 0, 1;
    %store/vec4 v0000022cc4e8b010_0, 0, 1;
    %jmp T_0.9;
T_0.6 ;
    %pushi/vec4 6, 0, 4;
    %store/vec4 v0000022cc4e1c570_0, 0, 4;
    %load/vec4 v0000022cc4e1c4d0_0;
    %ix/load 4, 2, 0;
    %flag_set/imm 4, 0;
    %store/vec4 v0000022cc4dd2c40_0, 4, 1;
    %load/vec4 v0000022cc4dd2c40_0;
    %parti/s 6, 2, 3;
    %dup/vec4;
    %pushi/vec4 56, 0, 6;
    %cmp/u;
    %jmp/1 T_0.16, 6;
    %dup/vec4;
    %pushi/vec4 57, 0, 6;
    %cmp/u;
    %jmp/1 T_0.17, 6;
    %dup/vec4;
    %pushi/vec4 58, 0, 6;
    %cmp/u;
    %jmp/1 T_0.18, 6;
    %pushi/vec4 0, 0, 1;
    %store/vec4 v0000022cc4e8b010_0, 0, 1;
    %jmp T_0.20;
T_0.16 ;
    %pushi/vec4 5, 0, 6;
    %store/vec4 v0000022cc4e1c430_0, 0, 6;
    %pushi/vec4 1, 0, 1;
    %store/vec4 v0000022cc4e8b010_0, 0, 1;
    %jmp T_0.20;
T_0.17 ;
    %pushi/vec4 6, 0, 6;
    %store/vec4 v0000022cc4e1c430_0, 0, 6;
    %pushi/vec4 1, 0, 1;
    %store/vec4 v0000022cc4e8b010_0, 0, 1;
    %jmp T_0.20;
T_0.18 ;
    %pushi/vec4 7, 0, 6;
    %store/vec4 v0000022cc4e1c430_0, 0, 6;
    %pushi/vec4 1, 0, 1;
    %store/vec4 v0000022cc4e8b010_0, 0, 1;
    %jmp T_0.20;
T_0.20 ;
    %pop/vec4 1;
    %jmp T_0.9;
T_0.7 ;
    %pushi/vec4 7, 0, 4;
    %store/vec4 v0000022cc4e1c570_0, 0, 4;
    %load/vec4 v0000022cc4e1c4d0_0;
    %ix/load 4, 1, 0;
    %flag_set/imm 4, 0;
    %store/vec4 v0000022cc4dd2c40_0, 4, 1;
    %load/vec4 v0000022cc4dd2c40_0;
    %parti/s 7, 1, 2;
    %dup/vec4;
    %pushi/vec4 118, 0, 7;
    %cmp/u;
    %jmp/1 T_0.21, 6;
    %dup/vec4;
    %pushi/vec4 119, 0, 7;
    %cmp/u;
    %jmp/1 T_0.22, 6;
    %dup/vec4;
    %pushi/vec4 120, 0, 7;
    %cmp/u;
    %jmp/1 T_0.23, 6;
    %dup/vec4;
    %pushi/vec4 121, 0, 7;
    %cmp/u;
    %jmp/1 T_0.24, 6;
    %dup/vec4;
    %pushi/vec4 122, 0, 7;
    %cmp/u;
    %jmp/1 T_0.25, 6;
    %dup/vec4;
    %pushi/vec4 123, 0, 7;
    %cmp/u;
    %jmp/1 T_0.26, 6;
    %dup/vec4;
    %pushi/vec4 124, 0, 7;
    %cmp/u;
    %jmp/1 T_0.27, 6;
    %dup/vec4;
    %pushi/vec4 125, 0, 7;
    %cmp/u;
    %jmp/1 T_0.28, 6;
    %dup/vec4;
    %pushi/vec4 126, 0, 7;
    %cmp/u;
    %jmp/1 T_0.29, 6;
    %pushi/vec4 0, 0, 1;
    %store/vec4 v0000022cc4e8b010_0, 0, 1;
    %jmp T_0.31;
T_0.21 ;
    %pushi/vec4 8, 0, 6;
    %store/vec4 v0000022cc4e1c430_0, 0, 6;
    %pushi/vec4 1, 0, 1;
    %store/vec4 v0000022cc4e8b010_0, 0, 1;
    %jmp T_0.31;
T_0.22 ;
    %pushi/vec4 9, 0, 6;
    %store/vec4 v0000022cc4e1c430_0, 0, 6;
    %pushi/vec4 1, 0, 1;
    %store/vec4 v0000022cc4e8b010_0, 0, 1;
    %jmp T_0.31;
T_0.23 ;
    %pushi/vec4 10, 0, 6;
    %store/vec4 v0000022cc4e1c430_0, 0, 6;
    %pushi/vec4 1, 0, 1;
    %store/vec4 v0000022cc4e8b010_0, 0, 1;
    %jmp T_0.31;
T_0.24 ;
    %pushi/vec4 11, 0, 6;
    %store/vec4 v0000022cc4e1c430_0, 0, 6;
    %pushi/vec4 1, 0, 1;
    %store/vec4 v0000022cc4e8b010_0, 0, 1;
    %jmp T_0.31;
T_0.25 ;
    %pushi/vec4 12, 0, 6;
    %store/vec4 v0000022cc4e1c430_0, 0, 6;
    %pushi/vec4 1, 0, 1;
    %store/vec4 v0000022cc4e8b010_0, 0, 1;
    %jmp T_0.31;
T_0.26 ;
    %pushi/vec4 13, 0, 6;
    %store/vec4 v0000022cc4e1c430_0, 0, 6;
    %pushi/vec4 1, 0, 1;
    %store/vec4 v0000022cc4e8b010_0, 0, 1;
    %jmp T_0.31;
T_0.27 ;
    %pushi/vec4 14, 0, 6;
    %store/vec4 v0000022cc4e1c430_0, 0, 6;
    %pushi/vec4 1, 0, 1;
    %store/vec4 v0000022cc4e8b010_0, 0, 1;
    %jmp T_0.31;
T_0.28 ;
    %pushi/vec4 15, 0, 6;
    %store/vec4 v0000022cc4e1c430_0, 0, 6;
    %pushi/vec4 1, 0, 1;
    %store/vec4 v0000022cc4e8b010_0, 0, 1;
    %jmp T_0.31;
T_0.29 ;
    %pushi/vec4 16, 0, 6;
    %store/vec4 v0000022cc4e1c430_0, 0, 6;
    %pushi/vec4 1, 0, 1;
    %store/vec4 v0000022cc4e8b010_0, 0, 1;
    %jmp T_0.31;
T_0.31 ;
    %pop/vec4 1;
    %jmp T_0.9;
T_0.8 ;
    %pushi/vec4 0, 15, 4;
    %store/vec4 v0000022cc4e1c570_0, 0, 4;
    %load/vec4 v0000022cc4e1c4d0_0;
    %ix/load 4, 0, 0;
    %flag_set/imm 4, 0;
    %store/vec4 v0000022cc4dd2c40_0, 4, 1;
    %load/vec4 v0000022cc4dd2c40_0;
    %dup/vec4;
    %pushi/vec4 254, 0, 8;
    %cmp/u;
    %jmp/1 T_0.32, 6;
    %dup/vec4;
    %pushi/vec4 255, 0, 8;
    %cmp/u;
    %jmp/1 T_0.33, 6;
    %pushi/vec4 0, 0, 1;
    %store/vec4 v0000022cc4e8b010_0, 0, 1;
    %jmp T_0.35;
T_0.32 ;
    %pushi/vec4 1, 0, 1;
    %store/vec4 v0000022cc4e8b010_0, 0, 1;
    %pushi/vec4 17, 0, 6;
    %store/vec4 v0000022cc4e1c430_0, 0, 6;
    %jmp T_0.35;
T_0.33 ;
    %pushi/vec4 18, 0, 6;
    %store/vec4 v0000022cc4e1c430_0, 0, 6;
    %pushi/vec4 1, 0, 1;
    %store/vec4 v0000022cc4e8b010_0, 0, 1;
    %jmp T_0.35;
T_0.35 ;
    %pop/vec4 1;
    %jmp T_0.9;
T_0.9 ;
    %pop/vec4 1;
    %jmp T_0;
    .thread T_0, $push;
    .scope S_0000022cc4e1c2a0;
T_1 ;
    %wait E_0000022cc4e35140;
    %load/vec4 v0000022cc4e1c610_0;
    %flag_set/vec4 8;
    %jmp/0xz  T_1.0, 8;
    %pushi/vec4 0, 15, 4;
    %assign/vec4 v0000022cc4cab010_0, 0;
    %jmp T_1.1;
T_1.0 ;
    %load/vec4 v0000022cc4e1c570_0;
    %assign/vec4 v0000022cc4cab010_0, 0;
T_1.1 ;
    %load/vec4 v0000022cc4e8b010_0;
    %flag_set/vec4 8;
    %jmp/0xz  T_1.2, 8;
    %pushi/vec4 0, 0, 4;
    %assign/vec4 v0000022cc4cab010_0, 0;
T_1.2 ;
    %jmp T_1;
    .thread T_1;
    .scope S_0000022cc4e04640;
T_2 ;
    %pushi/vec4 0, 0, 1;
    %store/vec4 v0000022cc4e8b0b0_0, 0, 1;
    %pushi/vec4 1, 0, 1;
    %store/vec4 v0000022cc4e8b290_0, 0, 1;
    %pushi/vec4 1, 0, 1;
    %store/vec4 v0000022cc4e8b330_0, 0, 1;
    %pushi/vec4 0, 0, 1;
    %store/vec4 v0000022cc4e8b290_0, 0, 1;
    %pushi/vec4 0, 0, 8;
    %store/vec4 v0000022cc4e8b1f0_0, 0, 8;
    %end;
    .thread T_2;
    .scope S_0000022cc4e04640;
T_3 ;
    %vpi_call/w 3 17 "$dumpfile", "huffman_dec.vcd" {0 0 0};
    %vpi_call/w 3 18 "$dumpvars", 32'sb00000000000000000000000000000000, S_0000022cc4e1c2a0 {0 0 0};
    %end;
    .thread T_3;
    .scope S_0000022cc4e04640;
T_4 ;
    %delay 1, 0;
    %load/vec4 v0000022cc4e8b0b0_0;
    %inv;
    %store/vec4 v0000022cc4e8b0b0_0, 0, 1;
    %jmp T_4;
    .thread T_4;
    .scope S_0000022cc4e04640;
T_5 ;
    %delay 2, 0;
    %pushi/vec4 0, 0, 1;
    %store/vec4 v0000022cc4e8b330_0, 0, 1;
    %pushi/vec4 0, 0, 1;
    %store/vec4 v0000022cc4e8b290_0, 0, 1;
    %delay 2, 0;
    %pushi/vec4 0, 0, 1;
    %store/vec4 v0000022cc4e8b290_0, 0, 1;
    %delay 2, 0;
    %pushi/vec4 0, 0, 1;
    %store/vec4 v0000022cc4e8b290_0, 0, 1;
    %delay 2, 0;
    %pushi/vec4 1, 0, 1;
    %store/vec4 v0000022cc4e8b290_0, 0, 1;
    %delay 2, 0;
    %pushi/vec4 1, 0, 1;
    %store/vec4 v0000022cc4e8b290_0, 0, 1;
    %delay 2, 0;
    %pushi/vec4 0, 0, 1;
    %store/vec4 v0000022cc4e8b290_0, 0, 1;
    %delay 2, 0;
    %pushi/vec4 1, 0, 1;
    %store/vec4 v0000022cc4e8b290_0, 0, 1;
    %delay 2, 0;
    %pushi/vec4 1, 0, 1;
    %store/vec4 v0000022cc4e8b290_0, 0, 1;
    %delay 2, 0;
    %pushi/vec4 0, 0, 1;
    %store/vec4 v0000022cc4e8b290_0, 0, 1;
    %delay 2, 0;
    %pushi/vec4 1, 0, 1;
    %store/vec4 v0000022cc4e8b290_0, 0, 1;
    %delay 2, 0;
    %pushi/vec4 1, 0, 1;
    %store/vec4 v0000022cc4e8b290_0, 0, 1;
    %delay 2, 0;
    %pushi/vec4 1, 0, 1;
    %store/vec4 v0000022cc4e8b290_0, 0, 1;
    %delay 2, 0;
    %pushi/vec4 0, 0, 1;
    %store/vec4 v0000022cc4e8b290_0, 0, 1;
    %delay 2, 0;
    %pushi/vec4 0, 0, 1;
    %store/vec4 v0000022cc4e8b290_0, 0, 1;
    %delay 2, 0;
    %pushi/vec4 0, 0, 1;
    %store/vec4 v0000022cc4e8b290_0, 0, 1;
    %delay 2, 0;
    %pushi/vec4 1, 0, 1;
    %store/vec4 v0000022cc4e8b290_0, 0, 1;
    %delay 2, 0;
    %pushi/vec4 1, 0, 1;
    %store/vec4 v0000022cc4e8b290_0, 0, 1;
    %delay 2, 0;
    %pushi/vec4 1, 0, 1;
    %store/vec4 v0000022cc4e8b290_0, 0, 1;
    %delay 2, 0;
    %pushi/vec4 0, 0, 1;
    %store/vec4 v0000022cc4e8b290_0, 0, 1;
    %delay 2, 0;
    %pushi/vec4 0, 0, 1;
    %store/vec4 v0000022cc4e8b290_0, 0, 1;
    %delay 2, 0;
    %pushi/vec4 1, 0, 1;
    %store/vec4 v0000022cc4e8b290_0, 0, 1;
    %delay 2, 0;
    %pushi/vec4 1, 0, 1;
    %store/vec4 v0000022cc4e8b290_0, 0, 1;
    %delay 2, 0;
    %pushi/vec4 1, 0, 1;
    %store/vec4 v0000022cc4e8b290_0, 0, 1;
    %delay 2, 0;
    %pushi/vec4 1, 0, 1;
    %store/vec4 v0000022cc4e8b290_0, 0, 1;
    %delay 2, 0;
    %pushi/vec4 0, 0, 1;
    %store/vec4 v0000022cc4e8b290_0, 0, 1;
    %delay 2, 0;
    %pushi/vec4 1, 0, 1;
    %store/vec4 v0000022cc4e8b290_0, 0, 1;
    %delay 2, 0;
    %pushi/vec4 0, 0, 1;
    %store/vec4 v0000022cc4e8b290_0, 0, 1;
    %delay 2, 0;
    %pushi/vec4 1, 0, 1;
    %store/vec4 v0000022cc4e8b290_0, 0, 1;
    %delay 2, 0;
    %pushi/vec4 1, 0, 1;
    %store/vec4 v0000022cc4e8b290_0, 0, 1;
    %delay 2, 0;
    %pushi/vec4 1, 0, 1;
    %store/vec4 v0000022cc4e8b290_0, 0, 1;
    %delay 2, 0;
    %pushi/vec4 0, 0, 1;
    %store/vec4 v0000022cc4e8b290_0, 0, 1;
    %delay 2, 0;
    %pushi/vec4 1, 0, 1;
    %store/vec4 v0000022cc4e8b290_0, 0, 1;
    %delay 2, 0;
    %pushi/vec4 1, 0, 1;
    %store/vec4 v0000022cc4e8b290_0, 0, 1;
    %delay 2, 0;
    %pushi/vec4 0, 0, 1;
    %store/vec4 v0000022cc4e8b290_0, 0, 1;
    %delay 2, 0;
    %pushi/vec4 1, 0, 1;
    %store/vec4 v0000022cc4e8b290_0, 0, 1;
    %delay 2, 0;
    %pushi/vec4 1, 0, 1;
    %store/vec4 v0000022cc4e8b290_0, 0, 1;
    %delay 2, 0;
    %pushi/vec4 1, 0, 1;
    %store/vec4 v0000022cc4e8b290_0, 0, 1;
    %delay 2, 0;
    %pushi/vec4 0, 0, 1;
    %store/vec4 v0000022cc4e8b290_0, 0, 1;
    %delay 2, 0;
    %pushi/vec4 1, 0, 1;
    %store/vec4 v0000022cc4e8b290_0, 0, 1;
    %delay 2, 0;
    %pushi/vec4 1, 0, 1;
    %store/vec4 v0000022cc4e8b290_0, 0, 1;
    %delay 2, 0;
    %pushi/vec4 1, 0, 1;
    %store/vec4 v0000022cc4e8b290_0, 0, 1;
    %delay 2, 0;
    %pushi/vec4 1, 0, 1;
    %store/vec4 v0000022cc4e8b290_0, 0, 1;
    %delay 2, 0;
    %pushi/vec4 1, 0, 1;
    %store/vec4 v0000022cc4e8b290_0, 0, 1;
    %delay 2, 0;
    %pushi/vec4 1, 0, 1;
    %store/vec4 v0000022cc4e8b290_0, 0, 1;
    %delay 2, 0;
    %pushi/vec4 1, 0, 1;
    %store/vec4 v0000022cc4e8b290_0, 0, 1;
    %delay 2, 0;
    %pushi/vec4 0, 0, 1;
    %store/vec4 v0000022cc4e8b290_0, 0, 1;
    %delay 2, 0;
    %pushi/vec4 0, 0, 1;
    %store/vec4 v0000022cc4e8b290_0, 0, 1;
    %delay 2, 0;
    %pushi/vec4 0, 0, 1;
    %store/vec4 v0000022cc4e8b290_0, 0, 1;
    %delay 2, 0;
    %pushi/vec4 1, 0, 1;
    %store/vec4 v0000022cc4e8b290_0, 0, 1;
    %delay 2, 0;
    %pushi/vec4 1, 0, 1;
    %store/vec4 v0000022cc4e8b290_0, 0, 1;
    %delay 2, 0;
    %pushi/vec4 1, 0, 1;
    %store/vec4 v0000022cc4e8b290_0, 0, 1;
    %delay 2, 0;
    %pushi/vec4 1, 0, 1;
    %store/vec4 v0000022cc4e8b290_0, 0, 1;
    %delay 2, 0;
    %pushi/vec4 0, 0, 1;
    %store/vec4 v0000022cc4e8b290_0, 0, 1;
    %delay 2, 0;
    %pushi/vec4 0, 0, 1;
    %store/vec4 v0000022cc4e8b290_0, 0, 1;
    %delay 2, 0;
    %pushi/vec4 1, 0, 1;
    %store/vec4 v0000022cc4e8b290_0, 0, 1;
    %delay 2, 0;
    %pushi/vec4 1, 0, 1;
    %store/vec4 v0000022cc4e8b290_0, 0, 1;
    %delay 2, 0;
    %pushi/vec4 1, 0, 1;
    %store/vec4 v0000022cc4e8b290_0, 0, 1;
    %delay 2, 0;
    %pushi/vec4 1, 0, 1;
    %store/vec4 v0000022cc4e8b290_0, 0, 1;
    %delay 2, 0;
    %pushi/vec4 1, 0, 1;
    %store/vec4 v0000022cc4e8b290_0, 0, 1;
    %delay 2, 0;
    %pushi/vec4 0, 0, 1;
    %store/vec4 v0000022cc4e8b290_0, 0, 1;
    %delay 2, 0;
    %pushi/vec4 1, 0, 1;
    %store/vec4 v0000022cc4e8b290_0, 0, 1;
    %delay 2, 0;
    %pushi/vec4 0, 0, 1;
    %store/vec4 v0000022cc4e8b290_0, 0, 1;
    %delay 2, 0;
    %pushi/vec4 1, 0, 1;
    %store/vec4 v0000022cc4e8b290_0, 0, 1;
    %delay 2, 0;
    %pushi/vec4 1, 0, 1;
    %store/vec4 v0000022cc4e8b290_0, 0, 1;
    %delay 2, 0;
    %pushi/vec4 1, 0, 1;
    %store/vec4 v0000022cc4e8b290_0, 0, 1;
    %delay 2, 0;
    %pushi/vec4 1, 0, 1;
    %store/vec4 v0000022cc4e8b290_0, 0, 1;
    %delay 2, 0;
    %pushi/vec4 0, 0, 1;
    %store/vec4 v0000022cc4e8b290_0, 0, 1;
    %delay 2, 0;
    %pushi/vec4 1, 0, 1;
    %store/vec4 v0000022cc4e8b290_0, 0, 1;
    %delay 2, 0;
    %pushi/vec4 1, 0, 1;
    %store/vec4 v0000022cc4e8b290_0, 0, 1;
    %delay 2, 0;
    %pushi/vec4 1, 0, 1;
    %store/vec4 v0000022cc4e8b290_0, 0, 1;
    %delay 2, 0;
    %pushi/vec4 1, 0, 1;
    %store/vec4 v0000022cc4e8b290_0, 0, 1;
    %delay 2, 0;
    %pushi/vec4 1, 0, 1;
    %store/vec4 v0000022cc4e8b290_0, 0, 1;
    %delay 2, 0;
    %pushi/vec4 1, 0, 1;
    %store/vec4 v0000022cc4e8b290_0, 0, 1;
    %delay 2, 0;
    %pushi/vec4 1, 0, 1;
    %store/vec4 v0000022cc4e8b290_0, 0, 1;
    %delay 2, 0;
    %pushi/vec4 0, 0, 1;
    %store/vec4 v0000022cc4e8b290_0, 0, 1;
    %delay 2, 0;
    %pushi/vec4 0, 0, 1;
    %store/vec4 v0000022cc4e8b290_0, 0, 1;
    %delay 2, 0;
    %pushi/vec4 1, 0, 1;
    %store/vec4 v0000022cc4e8b290_0, 0, 1;
    %delay 2, 0;
    %pushi/vec4 1, 0, 1;
    %store/vec4 v0000022cc4e8b290_0, 0, 1;
    %delay 2, 0;
    %pushi/vec4 1, 0, 1;
    %store/vec4 v0000022cc4e8b290_0, 0, 1;
    %delay 2, 0;
    %pushi/vec4 1, 0, 1;
    %store/vec4 v0000022cc4e8b290_0, 0, 1;
    %delay 2, 0;
    %pushi/vec4 1, 0, 1;
    %store/vec4 v0000022cc4e8b290_0, 0, 1;
    %delay 2, 0;
    %pushi/vec4 0, 0, 1;
    %store/vec4 v0000022cc4e8b290_0, 0, 1;
    %delay 2, 0;
    %pushi/vec4 1, 0, 1;
    %store/vec4 v0000022cc4e8b290_0, 0, 1;
    %delay 2, 0;
    %pushi/vec4 1, 0, 1;
    %store/vec4 v0000022cc4e8b290_0, 0, 1;
    %delay 2, 0;
    %pushi/vec4 1, 0, 1;
    %store/vec4 v0000022cc4e8b290_0, 0, 1;
    %delay 2, 0;
    %pushi/vec4 1, 0, 1;
    %store/vec4 v0000022cc4e8b290_0, 0, 1;
    %delay 2, 0;
    %pushi/vec4 1, 0, 1;
    %store/vec4 v0000022cc4e8b290_0, 0, 1;
    %delay 2, 0;
    %pushi/vec4 1, 0, 1;
    %store/vec4 v0000022cc4e8b290_0, 0, 1;
    %delay 2, 0;
    %pushi/vec4 1, 0, 1;
    %store/vec4 v0000022cc4e8b290_0, 0, 1;
    %delay 2, 0;
    %pushi/vec4 0, 0, 1;
    %store/vec4 v0000022cc4e8b290_0, 0, 1;
    %delay 2, 0;
    %pushi/vec4 1, 0, 1;
    %store/vec4 v0000022cc4e8b290_0, 0, 1;
    %delay 2, 0;
    %pushi/vec4 1, 0, 1;
    %store/vec4 v0000022cc4e8b290_0, 0, 1;
    %delay 2, 0;
    %pushi/vec4 1, 0, 1;
    %store/vec4 v0000022cc4e8b290_0, 0, 1;
    %delay 2, 0;
    %pushi/vec4 1, 0, 1;
    %store/vec4 v0000022cc4e8b290_0, 0, 1;
    %delay 2, 0;
    %pushi/vec4 1, 0, 1;
    %store/vec4 v0000022cc4e8b290_0, 0, 1;
    %delay 2, 0;
    %pushi/vec4 1, 0, 1;
    %store/vec4 v0000022cc4e8b290_0, 0, 1;
    %delay 2, 0;
    %pushi/vec4 1, 0, 1;
    %store/vec4 v0000022cc4e8b290_0, 0, 1;
    %delay 2, 0;
    %pushi/vec4 0, 0, 1;
    %store/vec4 v0000022cc4e8b290_0, 0, 1;
    %delay 2, 0;
    %pushi/vec4 1, 0, 1;
    %store/vec4 v0000022cc4e8b290_0, 0, 1;
    %delay 2, 0;
    %pushi/vec4 1, 0, 1;
    %store/vec4 v0000022cc4e8b290_0, 0, 1;
    %delay 2, 0;
    %pushi/vec4 1, 0, 1;
    %store/vec4 v0000022cc4e8b290_0, 0, 1;
    %delay 2, 0;
    %pushi/vec4 1, 0, 1;
    %store/vec4 v0000022cc4e8b290_0, 0, 1;
    %delay 2, 0;
    %pushi/vec4 1, 0, 1;
    %store/vec4 v0000022cc4e8b290_0, 0, 1;
    %delay 2, 0;
    %pushi/vec4 1, 0, 1;
    %store/vec4 v0000022cc4e8b290_0, 0, 1;
    %delay 2, 0;
    %pushi/vec4 1, 0, 1;
    %store/vec4 v0000022cc4e8b290_0, 0, 1;
    %delay 2, 0;
    %pushi/vec4 1, 0, 1;
    %store/vec4 v0000022cc4e8b290_0, 0, 1;
    %delay 100, 0;
    %vpi_call/w 3 143 "$finish" {0 0 0};
    %end;
    .thread T_5;
# The file index is used to find the file name in the following table.
:file_names 5;
    "N/A";
    "<interactive>";
    "-";
    "testbench_huffman.sv";
    "./huffman_dec.sv";
