#! /c/Source/iverilog-install/bin/vvp
:ivl_version "12.0 (devel)" "(s20150603-1539-g2693dd32b)";
:ivl_delay_selection "TYPICAL";
:vpi_time_precision + 0;
:vpi_module "C:\iverilog\lib\ivl\system.vpi";
:vpi_module "C:\iverilog\lib\ivl\vhdl_sys.vpi";
:vpi_module "C:\iverilog\lib\ivl\vhdl_textio.vpi";
:vpi_module "C:\iverilog\lib\ivl\v2005_math.vpi";
:vpi_module "C:\iverilog\lib\ivl\va_math.vpi";
:vpi_module "C:\iverilog\lib\ivl\v2009.vpi";
S_000002213f08bb20 .scope package, "$unit" "$unit" 2 1;
 .timescale 0 0;
S_000002213f0c78e0 .scope module, "tb" "tb" 3 3;
 .timescale 0 0;
v000002213f0d3f70_0 .var "a", 4 0;
v000002213f0d3cf0_0 .var "clk", 0 0;
v000002213f0d3930_0 .net "o", 10 0, L_000002213f0d3750;  1 drivers
v000002213f0d36b0_0 .var "rst", 0 0;
S_000002213f0c7a70 .scope module, "log2X_" "log2X" 3 7, 4 1 0, S_000002213f0c78e0;
 .timescale 0 0;
    .port_info 0 /INPUT 1 "clk";
    .port_info 1 /INPUT 1 "rst";
    .port_info 2 /INPUT 5 "x_";
    .port_info 3 /OUTPUT 11 "log2_x";
v000002213f0a2bb0_0 .net *"_ivl_0", 9 0, L_000002213f0d3a70;  1 drivers
v000002213f08b680_0 .net *"_ivl_2", 10 0, L_000002213f0d4470;  1 drivers
L_000002213f12c7e8 .functor BUFT 1, C4<0>, C4<0>, C4<0>, C4<0>;
v000002213f0c7c00_0 .net *"_ivl_5", 0 0, L_000002213f12c7e8;  1 drivers
L_000002213f12c830 .functor BUFT 1, C4<00000000000>, C4<0>, C4<0>, C4<0>;
v000002213f08bcb0_0 .net/2u *"_ivl_6", 10 0, L_000002213f12c830;  1 drivers
v000002213f08bd50_0 .var "aprox", 3 0;
v000002213f0a2550_0 .net "clk", 0 0, v000002213f0d3cf0_0;  1 drivers
v000002213f0a25f0_0 .var "exp", 4 0;
v000002213f0a2690_0 .var "i", 3 0;
v000002213f0a2730_0 .net "log2_x", 10 0, L_000002213f0d3750;  alias, 1 drivers
v000002213f0a27d0_0 .var "log2m", 4 0;
v000002213f0a2870_0 .var "mant", 127 0;
v000002213f0d39d0_0 .net "rst", 0 0, v000002213f0d36b0_0;  1 drivers
v000002213f0d41f0_0 .var "x", 4 -3;
v000002213f0d43d0_0 .net "x_", 4 0, v000002213f0d3f70_0;  1 drivers
v000002213f0d45b0_0 .var "y", 0 0;
E_000002213f0c6010 .event posedge, v000002213f0d39d0_0, v000002213f0a2550_0;
L_000002213f0d3a70 .concat [ 5 5 0 0], v000002213f0a27d0_0, v000002213f0a25f0_0;
L_000002213f0d4470 .concat [ 10 1 0 0], L_000002213f0d3a70, L_000002213f12c7e8;
L_000002213f0d3750 .functor MUXZ 11, L_000002213f12c830, L_000002213f0d4470, v000002213f0d45b0_0, C4<>;
    .scope S_000002213f0c7a70;
T_0 ;
    %wait E_000002213f0c6010;
    %load/vec4 v000002213f0d39d0_0;
    %flag_set/vec4 8;
    %jmp/0xz  T_0.0, 8;
    %load/vec4 v000002213f0d43d0_0;
    %concati/vec4 0, 0, 3;
    %store/vec4 v000002213f0d41f0_0, 0, 8;
    %pushi/vec4 0, 0, 5;
    %store/vec4 v000002213f0a25f0_0, 0, 5;
    %pushi/vec4 5, 0, 4;
    %store/vec4 v000002213f08bd50_0, 0, 4;
    %pushi/vec4 0, 0, 5;
    %store/vec4 v000002213f0a27d0_0, 0, 5;
    %pushi/vec4 0, 0, 1;
    %store/vec4 v000002213f0d45b0_0, 0, 1;
    %pushi/vec4 0, 0, 4;
    %store/vec4 v000002213f0a2690_0, 0, 4;
    %pushi/vec4 0, 0, 128;
    %store/vec4 v000002213f0a2870_0, 0, 128;
    %jmp T_0.1;
T_0.0 ;
    %load/vec4 v000002213f0d41f0_0;
    %parti/s 5, 3, 3;
    %cmpi/ne 1, 0, 5;
    %jmp/0xz  T_0.2, 4;
    %load/vec4 v000002213f0d41f0_0;
    %ix/load 4, 1, 0;
    %flag_set/imm 4, 0;
    %shiftr 4;
    %store/vec4 v000002213f0d41f0_0, 0, 8;
    ; show_stmt_assign_vector: Get l-value for compressed += operand
    %load/vec4 v000002213f0a25f0_0;
    %pushi/vec4 1, 0, 5;
    %add;
    %store/vec4 v000002213f0a25f0_0, 0, 5;
    %load/vec4 v000002213f0d41f0_0;
    %pad/u 128;
    %store/vec4 v000002213f0a2870_0, 0, 128;
    %jmp T_0.3;
T_0.2 ;
    %load/vec4 v000002213f0a2690_0;
    %load/vec4 v000002213f08bd50_0;
    %cmp/u;
    %jmp/0xz  T_0.4, 5;
    %load/vec4 v000002213f0a2870_0;
    %load/vec4 v000002213f0a2870_0;
    %mul;
    %store/vec4 v000002213f0a2870_0, 0, 128;
    ; show_stmt_assign_vector: Get l-value for compressed += operand
    %load/vec4 v000002213f0a2690_0;
    %pushi/vec4 1, 0, 4;
    %add;
    %store/vec4 v000002213f0a2690_0, 0, 4;
    %jmp T_0.5;
T_0.4 ;
    %load/vec4 v000002213f0a2870_0;
    %parti/s 32, 96, 8;
    %cmpi/ne 1, 0, 32;
    %jmp/0xz  T_0.6, 4;
    %load/vec4 v000002213f0a2870_0;
    %ix/load 4, 1, 0;
    %flag_set/imm 4, 0;
    %shiftr 4;
    %store/vec4 v000002213f0a2870_0, 0, 128;
    %load/vec4 v000002213f0a27d0_0;
    %addi 1, 0, 5;
    %store/vec4 v000002213f0a27d0_0, 0, 5;
    %jmp T_0.7;
T_0.6 ;
    %pushi/vec4 1, 0, 1;
    %store/vec4 v000002213f0d45b0_0, 0, 1;
T_0.7 ;
T_0.5 ;
T_0.3 ;
T_0.1 ;
    %jmp T_0;
    .thread T_0;
    .scope S_000002213f0c78e0;
T_1 ;
    %vpi_call/w 3 9 "$dumpfile", "1.vcd" {0 0 0};
    %vpi_call/w 3 10 "$dumpvars", 32'sb00000000000000000000000000000000, S_000002213f0c7a70 {0 0 0};
    %pushi/vec4 0, 0, 1;
    %store/vec4 v000002213f0d3cf0_0, 0, 1;
    %end;
    .thread T_1;
    .scope S_000002213f0c78e0;
T_2 ;
    %delay 1, 0;
    %load/vec4 v000002213f0d3cf0_0;
    %inv;
    %store/vec4 v000002213f0d3cf0_0, 0, 1;
    %jmp T_2;
    .thread T_2;
    .scope S_000002213f0c78e0;
T_3 ;
    %pushi/vec4 15, 0, 5;
    %store/vec4 v000002213f0d3f70_0, 0, 5;
    %pushi/vec4 1, 0, 1;
    %store/vec4 v000002213f0d36b0_0, 0, 1;
    %delay 2, 0;
    %pushi/vec4 0, 0, 1;
    %store/vec4 v000002213f0d36b0_0, 0, 1;
    %delay 70, 0;
    %load/vec4 v000002213f0d3930_0;
    %cvt/rv;
    %pushi/real 1073741824, 4061; load=0.0312500
    %mul/wr;
    %vpi_call/w 3 20 "$display", "time = %g, log2(%.2f) = %b.%b %.2f", $time, v000002213f0d3f70_0, &PV<v000002213f0d3930_0, 5, 6>, &PV<v000002213f0d3930_0, 0, 5>, W<0,r> {0 1 0};
    %pushi/vec4 14, 0, 5;
    %store/vec4 v000002213f0d3f70_0, 0, 5;
    %pushi/vec4 1, 0, 1;
    %store/vec4 v000002213f0d36b0_0, 0, 1;
    %delay 2, 0;
    %pushi/vec4 0, 0, 1;
    %store/vec4 v000002213f0d36b0_0, 0, 1;
    %delay 70, 0;
    %load/vec4 v000002213f0d3930_0;
    %cvt/rv;
    %pushi/real 1073741824, 4061; load=0.0312500
    %mul/wr;
    %vpi_call/w 3 24 "$display", "time = %g, log2(%.2f) = %b.%b %.2f", $time, v000002213f0d3f70_0, &PV<v000002213f0d3930_0, 5, 6>, &PV<v000002213f0d3930_0, 0, 5>, W<0,r> {0 1 0};
    %end;
    .thread T_3;
    .scope S_000002213f0c78e0;
T_4 ;
    %delay 100000, 0;
    %vpi_call/w 3 78 "$finish" {0 0 0};
    %end;
    .thread T_4;
# The file index is used to find the file name in the following table.
:file_names 5;
    "N/A";
    "<interactive>";
    "-";
    "testbench.sv";
    "././log2x.sv";
