#! /c/Source/iverilog-install/bin/vvp
:ivl_version "12.0 (devel)" "(s20150603-1539-g2693dd32b)";
:ivl_delay_selection "TYPICAL";
:vpi_time_precision + 0;
:vpi_module "C:\iverilog\lib\ivl\system.vpi";
:vpi_module "C:\iverilog\lib\ivl\vhdl_sys.vpi";
:vpi_module "C:\iverilog\lib\ivl\vhdl_textio.vpi";
:vpi_module "C:\iverilog\lib\ivl\v2005_math.vpi";
:vpi_module "C:\iverilog\lib\ivl\va_math.vpi";
:vpi_module "C:\iverilog\lib\ivl\v2009.vpi";
S_00000137968a5360 .scope package, "$unit" "$unit" 2 1;
 .timescale 0 0;
S_00000137968a8580 .scope module, "ordena_4_num" "ordena_4_num" 3 2;
 .timescale 0 0;
    .port_info 0 /INPUT 1 "ena";
    .port_info 1 /INPUT 1 "cresc_ou_decres";
    .port_info 2 /INPUT 32 "desordenado";
    .port_info 3 /OUTPUT 32 "ordenado";
o00000137968b5008 .functor BUFZ 1, C4<z>; HiZ drive
v000001379690bf60_0 .net "cresc_ou_decres", 0 0, o00000137968b5008;  0 drivers
o00000137968b5b78 .functor BUFZ 32, C4<zzzzzzzzzzzzzzzzzzzzzzzzzzzzzzzz>; HiZ drive
v000001379690b600_0 .net "desordenado", 31 0, o00000137968b5b78;  0 drivers
o00000137968b5038 .functor BUFZ 1, C4<z>; HiZ drive
v000001379690cd20_0 .net "ena", 0 0, o00000137968b5038;  0 drivers
v000001379690b920_0 .net "ordenado", 31 0, L_000001379690b880;  1 drivers
v000001379690c3c0 .array "x1", 0 2;
v000001379690c3c0_0 .net v000001379690c3c0 0, 7 0, v0000013796872c00_0; 1 drivers
v000001379690c3c0_1 .net v000001379690c3c0 1, 7 0, v000001379690aaa0_0; 1 drivers
v000001379690c3c0_2 .net v000001379690c3c0 2, 7 0, v000001379690b040_0; 1 drivers
v000001379690cdc0 .array "x2", 0 2;
v000001379690cdc0_0 .net v000001379690cdc0 0, 7 0, v0000013796872910_0; 1 drivers
v000001379690cdc0_1 .net v000001379690cdc0 1, 7 0, v000001379690a8c0_0; 1 drivers
v000001379690cdc0_2 .net v000001379690cdc0 2, 7 0, v000001379690a960_0; 1 drivers
L_000001379690b740 .part o00000137968b5b78, 0, 8;
L_000001379690c500 .part o00000137968b5b78, 8, 8;
L_000001379690c5a0 .part o00000137968b5b78, 16, 8;
L_000001379690ca00 .part o00000137968b5b78, 24, 8;
L_000001379690b880 .concat8 [ 8 8 8 8], v000001379690a320_0, v000001379690bba0_0, v000001379690bec0_0, v000001379690a5a0_0;
S_00000137968a8710 .scope module, "ordenador_2_inst1" "ordena_2_num" 3 9, 4 4 0, S_00000137968a8580;
 .timescale 0 0;
    .port_info 0 /INPUT 1 "ena";
    .port_info 1 /INPUT 1 "cresc_ou_decres";
    .port_info 2 /INPUT 8 "n1";
    .port_info 3 /INPUT 8 "n2";
    .port_info 4 /OUTPUT 8 "menor";
    .port_info 5 /OUTPUT 8 "maior";
v00000137968a4f40_0 .net "cresc_ou_decres", 0 0, o00000137968b5008;  alias, 0 drivers
v00000137968a4900_0 .net "ena", 0 0, o00000137968b5038;  alias, 0 drivers
v0000013796872910_0 .var "maior", 7 0;
v0000013796872c00_0 .var "menor", 7 0;
v00000137968a5170_0 .net "n1", 7 0, L_000001379690b740;  1 drivers
v00000137968a5210_0 .net "n1_igual_n2", 0 0, L_000001379690bce0;  1 drivers
v00000137968a88a0_0 .net "n1_maior_n2", 0 0, L_000001379690c820;  1 drivers
v000001379690a640_0 .net "n2", 7 0, L_000001379690c500;  1 drivers
v000001379690aa00_0 .net "n2_maior_n1", 0 0, L_000001379690d400;  1 drivers
E_00000137968b0ac0/0 .event anyedge, v00000137968a4900_0, v00000137968a4f40_0, v00000137968a5210_0, v000001379690aa00_0;
E_00000137968b0ac0/1 .event anyedge, v00000137968a88a0_0, v000001379690a640_0, v00000137968a5170_0;
E_00000137968b0ac0 .event/or E_00000137968b0ac0/0, E_00000137968b0ac0/1;
L_000001379690c820 .cmp/gt 8, L_000001379690b740, L_000001379690c500;
L_000001379690d400 .cmp/gt 8, L_000001379690c500, L_000001379690b740;
L_000001379690bce0 .cmp/eq 8, L_000001379690c500, L_000001379690b740;
S_000001379690b100 .scope module, "ordenador_2_inst2" "ordena_2_num" 3 10, 4 4 0, S_00000137968a8580;
 .timescale 0 0;
    .port_info 0 /INPUT 1 "ena";
    .port_info 1 /INPUT 1 "cresc_ou_decres";
    .port_info 2 /INPUT 8 "n1";
    .port_info 3 /INPUT 8 "n2";
    .port_info 4 /OUTPUT 8 "menor";
    .port_info 5 /OUTPUT 8 "maior";
v000001379690a820_0 .net "cresc_ou_decres", 0 0, o00000137968b5008;  alias, 0 drivers
v000001379690abe0_0 .net "ena", 0 0, o00000137968b5038;  alias, 0 drivers
v000001379690a8c0_0 .var "maior", 7 0;
v000001379690aaa0_0 .var "menor", 7 0;
v000001379690a460_0 .net "n1", 7 0, L_000001379690c5a0;  1 drivers
v000001379690a780_0 .net "n1_igual_n2", 0 0, L_000001379690c780;  1 drivers
v000001379690ac80_0 .net "n1_maior_n2", 0 0, L_000001379690c960;  1 drivers
v000001379690ab40_0 .net "n2", 7 0, L_000001379690ca00;  1 drivers
v000001379690ad20_0 .net "n2_maior_n1", 0 0, L_000001379690b6a0;  1 drivers
E_00000137968b0800/0 .event anyedge, v00000137968a4900_0, v00000137968a4f40_0, v000001379690a780_0, v000001379690ad20_0;
E_00000137968b0800/1 .event anyedge, v000001379690ac80_0, v000001379690ab40_0, v000001379690a460_0;
E_00000137968b0800 .event/or E_00000137968b0800/0, E_00000137968b0800/1;
L_000001379690c960 .cmp/gt 8, L_000001379690c5a0, L_000001379690ca00;
L_000001379690b6a0 .cmp/gt 8, L_000001379690ca00, L_000001379690c5a0;
L_000001379690c780 .cmp/eq 8, L_000001379690ca00, L_000001379690c5a0;
S_000001379690b290 .scope module, "ordenador_2_inst3" "ordena_2_num" 3 11, 4 4 0, S_00000137968a8580;
 .timescale 0 0;
    .port_info 0 /INPUT 1 "ena";
    .port_info 1 /INPUT 1 "cresc_ou_decres";
    .port_info 2 /INPUT 8 "n1";
    .port_info 3 /INPUT 8 "n2";
    .port_info 4 /OUTPUT 8 "menor";
    .port_info 5 /OUTPUT 8 "maior";
v000001379690a140_0 .net "cresc_ou_decres", 0 0, o00000137968b5008;  alias, 0 drivers
v000001379690ae60_0 .net "ena", 0 0, o00000137968b5038;  alias, 0 drivers
v000001379690a960_0 .var "maior", 7 0;
v000001379690a320_0 .var "menor", 7 0;
v000001379690adc0_0 .net "n1", 7 0, v0000013796872c00_0;  alias, 1 drivers
v000001379690a1e0_0 .net "n1_igual_n2", 0 0, L_000001379690c000;  1 drivers
v000001379690af00_0 .net "n1_maior_n2", 0 0, L_000001379690cb40;  1 drivers
v000001379690afa0_0 .net "n2", 7 0, v000001379690aaa0_0;  alias, 1 drivers
v000001379690a3c0_0 .net "n2_maior_n1", 0 0, L_000001379690d040;  1 drivers
E_00000137968b0b40/0 .event anyedge, v00000137968a4900_0, v00000137968a4f40_0, v000001379690a1e0_0, v000001379690a3c0_0;
E_00000137968b0b40/1 .event anyedge, v000001379690af00_0, v000001379690aaa0_0, v0000013796872c00_0;
E_00000137968b0b40 .event/or E_00000137968b0b40/0, E_00000137968b0b40/1;
L_000001379690cb40 .cmp/gt 8, v0000013796872c00_0, v000001379690aaa0_0;
L_000001379690d040 .cmp/gt 8, v000001379690aaa0_0, v0000013796872c00_0;
L_000001379690c000 .cmp/eq 8, v000001379690aaa0_0, v0000013796872c00_0;
S_000001379690b420 .scope module, "ordenador_2_inst4" "ordena_2_num" 3 12, 4 4 0, S_00000137968a8580;
 .timescale 0 0;
    .port_info 0 /INPUT 1 "ena";
    .port_info 1 /INPUT 1 "cresc_ou_decres";
    .port_info 2 /INPUT 8 "n1";
    .port_info 3 /INPUT 8 "n2";
    .port_info 4 /OUTPUT 8 "menor";
    .port_info 5 /OUTPUT 8 "maior";
v000001379690a280_0 .net "cresc_ou_decres", 0 0, o00000137968b5008;  alias, 0 drivers
v000001379690a500_0 .net "ena", 0 0, o00000137968b5038;  alias, 0 drivers
v000001379690a5a0_0 .var "maior", 7 0;
v000001379690b040_0 .var "menor", 7 0;
v000001379690a6e0_0 .net "n1", 7 0, v0000013796872910_0;  alias, 1 drivers
v000001379690caa0_0 .net "n1_igual_n2", 0 0, L_000001379690c460;  1 drivers
v000001379690ba60_0 .net "n1_maior_n2", 0 0, L_000001379690cfa0;  1 drivers
v000001379690be20_0 .net "n2", 7 0, v000001379690a8c0_0;  alias, 1 drivers
v000001379690bb00_0 .net "n2_maior_n1", 0 0, L_000001379690cbe0;  1 drivers
E_00000137968b0c80/0 .event anyedge, v00000137968a4900_0, v00000137968a4f40_0, v000001379690caa0_0, v000001379690bb00_0;
E_00000137968b0c80/1 .event anyedge, v000001379690ba60_0, v000001379690a8c0_0, v0000013796872910_0;
E_00000137968b0c80 .event/or E_00000137968b0c80/0, E_00000137968b0c80/1;
L_000001379690cfa0 .cmp/gt 8, v0000013796872910_0, v000001379690a8c0_0;
L_000001379690cbe0 .cmp/gt 8, v000001379690a8c0_0, v0000013796872910_0;
L_000001379690c460 .cmp/eq 8, v000001379690a8c0_0, v0000013796872910_0;
S_000001379690d5c0 .scope module, "ordenador_2_inst5" "ordena_2_num" 3 13, 4 4 0, S_00000137968a8580;
 .timescale 0 0;
    .port_info 0 /INPUT 1 "ena";
    .port_info 1 /INPUT 1 "cresc_ou_decres";
    .port_info 2 /INPUT 8 "n1";
    .port_info 3 /INPUT 8 "n2";
    .port_info 4 /OUTPUT 8 "menor";
    .port_info 5 /OUTPUT 8 "maior";
v000001379690c8c0_0 .net "cresc_ou_decres", 0 0, o00000137968b5008;  alias, 0 drivers
v000001379690c140_0 .net "ena", 0 0, o00000137968b5038;  alias, 0 drivers
v000001379690bec0_0 .var "maior", 7 0;
v000001379690bba0_0 .var "menor", 7 0;
v000001379690bd80_0 .net "n1", 7 0, v000001379690b040_0;  alias, 1 drivers
v000001379690c1e0_0 .net "n1_igual_n2", 0 0, L_000001379690cf00;  1 drivers
v000001379690cc80_0 .net "n1_maior_n2", 0 0, L_000001379690ce60;  1 drivers
v000001379690b9c0_0 .net "n2", 7 0, v000001379690a960_0;  alias, 1 drivers
v000001379690bc40_0 .net "n2_maior_n1", 0 0, L_000001379690c640;  1 drivers
E_00000137968b0dc0/0 .event anyedge, v00000137968a4900_0, v00000137968a4f40_0, v000001379690c1e0_0, v000001379690bc40_0;
E_00000137968b0dc0/1 .event anyedge, v000001379690cc80_0, v000001379690a960_0, v000001379690b040_0;
E_00000137968b0dc0 .event/or E_00000137968b0dc0/0, E_00000137968b0dc0/1;
L_000001379690ce60 .cmp/gt 8, v000001379690b040_0, v000001379690a960_0;
L_000001379690c640 .cmp/gt 8, v000001379690a960_0, v000001379690b040_0;
L_000001379690cf00 .cmp/eq 8, v000001379690a960_0, v000001379690b040_0;
    .scope S_00000137968a8710;
T_0 ;
    %wait E_00000137968b0ac0;
    %load/vec4 v00000137968a4900_0;
    %load/vec4 v00000137968a4f40_0;
    %concat/vec4; draw_concat_vec4
    %load/vec4 v00000137968a5210_0;
    %concat/vec4; draw_concat_vec4
    %load/vec4 v000001379690aa00_0;
    %concat/vec4; draw_concat_vec4
    %load/vec4 v00000137968a88a0_0;
    %concat/vec4; draw_concat_vec4
    %dup/vec4;
    %pushi/vec4 15, 15, 5;
    %cmp/x;
    %jmp/1 T_0.0, 4;
    %dup/vec4;
    %pushi/vec4 25, 0, 5;
    %cmp/x;
    %jmp/1 T_0.1, 4;
    %dup/vec4;
    %pushi/vec4 26, 0, 5;
    %cmp/x;
    %jmp/1 T_0.2, 4;
    %dup/vec4;
    %pushi/vec4 17, 0, 5;
    %cmp/x;
    %jmp/1 T_0.3, 4;
    %dup/vec4;
    %pushi/vec4 18, 0, 5;
    %cmp/x;
    %jmp/1 T_0.4, 4;
    %load/vec4 v00000137968a5170_0;
    %store/vec4 v0000013796872910_0, 0, 8;
    %load/vec4 v000001379690a640_0;
    %store/vec4 v0000013796872c00_0, 0, 8;
    %jmp T_0.6;
T_0.0 ;
    %load/vec4 v000001379690a640_0;
    %store/vec4 v0000013796872910_0, 0, 8;
    %load/vec4 v00000137968a5170_0;
    %store/vec4 v0000013796872c00_0, 0, 8;
    %jmp T_0.6;
T_0.1 ;
    %load/vec4 v00000137968a5170_0;
    %store/vec4 v0000013796872910_0, 0, 8;
    %load/vec4 v000001379690a640_0;
    %store/vec4 v0000013796872c00_0, 0, 8;
    %jmp T_0.6;
T_0.2 ;
    %load/vec4 v000001379690a640_0;
    %store/vec4 v0000013796872910_0, 0, 8;
    %load/vec4 v00000137968a5170_0;
    %store/vec4 v0000013796872c00_0, 0, 8;
    %jmp T_0.6;
T_0.3 ;
    %load/vec4 v000001379690a640_0;
    %store/vec4 v0000013796872910_0, 0, 8;
    %load/vec4 v00000137968a5170_0;
    %store/vec4 v0000013796872c00_0, 0, 8;
    %jmp T_0.6;
T_0.4 ;
    %load/vec4 v00000137968a5170_0;
    %store/vec4 v0000013796872910_0, 0, 8;
    %load/vec4 v000001379690a640_0;
    %store/vec4 v0000013796872c00_0, 0, 8;
    %jmp T_0.6;
T_0.6 ;
    %pop/vec4 1;
    %jmp T_0;
    .thread T_0, $push;
    .scope S_000001379690b100;
T_1 ;
    %wait E_00000137968b0800;
    %load/vec4 v000001379690abe0_0;
    %load/vec4 v000001379690a820_0;
    %concat/vec4; draw_concat_vec4
    %load/vec4 v000001379690a780_0;
    %concat/vec4; draw_concat_vec4
    %load/vec4 v000001379690ad20_0;
    %concat/vec4; draw_concat_vec4
    %load/vec4 v000001379690ac80_0;
    %concat/vec4; draw_concat_vec4
    %dup/vec4;
    %pushi/vec4 15, 15, 5;
    %cmp/x;
    %jmp/1 T_1.0, 4;
    %dup/vec4;
    %pushi/vec4 25, 0, 5;
    %cmp/x;
    %jmp/1 T_1.1, 4;
    %dup/vec4;
    %pushi/vec4 26, 0, 5;
    %cmp/x;
    %jmp/1 T_1.2, 4;
    %dup/vec4;
    %pushi/vec4 17, 0, 5;
    %cmp/x;
    %jmp/1 T_1.3, 4;
    %dup/vec4;
    %pushi/vec4 18, 0, 5;
    %cmp/x;
    %jmp/1 T_1.4, 4;
    %load/vec4 v000001379690a460_0;
    %store/vec4 v000001379690a8c0_0, 0, 8;
    %load/vec4 v000001379690ab40_0;
    %store/vec4 v000001379690aaa0_0, 0, 8;
    %jmp T_1.6;
T_1.0 ;
    %load/vec4 v000001379690ab40_0;
    %store/vec4 v000001379690a8c0_0, 0, 8;
    %load/vec4 v000001379690a460_0;
    %store/vec4 v000001379690aaa0_0, 0, 8;
    %jmp T_1.6;
T_1.1 ;
    %load/vec4 v000001379690a460_0;
    %store/vec4 v000001379690a8c0_0, 0, 8;
    %load/vec4 v000001379690ab40_0;
    %store/vec4 v000001379690aaa0_0, 0, 8;
    %jmp T_1.6;
T_1.2 ;
    %load/vec4 v000001379690ab40_0;
    %store/vec4 v000001379690a8c0_0, 0, 8;
    %load/vec4 v000001379690a460_0;
    %store/vec4 v000001379690aaa0_0, 0, 8;
    %jmp T_1.6;
T_1.3 ;
    %load/vec4 v000001379690ab40_0;
    %store/vec4 v000001379690a8c0_0, 0, 8;
    %load/vec4 v000001379690a460_0;
    %store/vec4 v000001379690aaa0_0, 0, 8;
    %jmp T_1.6;
T_1.4 ;
    %load/vec4 v000001379690a460_0;
    %store/vec4 v000001379690a8c0_0, 0, 8;
    %load/vec4 v000001379690ab40_0;
    %store/vec4 v000001379690aaa0_0, 0, 8;
    %jmp T_1.6;
T_1.6 ;
    %pop/vec4 1;
    %jmp T_1;
    .thread T_1, $push;
    .scope S_000001379690b290;
T_2 ;
    %wait E_00000137968b0b40;
    %load/vec4 v000001379690ae60_0;
    %load/vec4 v000001379690a140_0;
    %concat/vec4; draw_concat_vec4
    %load/vec4 v000001379690a1e0_0;
    %concat/vec4; draw_concat_vec4
    %load/vec4 v000001379690a3c0_0;
    %concat/vec4; draw_concat_vec4
    %load/vec4 v000001379690af00_0;
    %concat/vec4; draw_concat_vec4
    %dup/vec4;
    %pushi/vec4 15, 15, 5;
    %cmp/x;
    %jmp/1 T_2.0, 4;
    %dup/vec4;
    %pushi/vec4 25, 0, 5;
    %cmp/x;
    %jmp/1 T_2.1, 4;
    %dup/vec4;
    %pushi/vec4 26, 0, 5;
    %cmp/x;
    %jmp/1 T_2.2, 4;
    %dup/vec4;
    %pushi/vec4 17, 0, 5;
    %cmp/x;
    %jmp/1 T_2.3, 4;
    %dup/vec4;
    %pushi/vec4 18, 0, 5;
    %cmp/x;
    %jmp/1 T_2.4, 4;
    %load/vec4 v000001379690adc0_0;
    %store/vec4 v000001379690a960_0, 0, 8;
    %load/vec4 v000001379690afa0_0;
    %store/vec4 v000001379690a320_0, 0, 8;
    %jmp T_2.6;
T_2.0 ;
    %load/vec4 v000001379690afa0_0;
    %store/vec4 v000001379690a960_0, 0, 8;
    %load/vec4 v000001379690adc0_0;
    %store/vec4 v000001379690a320_0, 0, 8;
    %jmp T_2.6;
T_2.1 ;
    %load/vec4 v000001379690adc0_0;
    %store/vec4 v000001379690a960_0, 0, 8;
    %load/vec4 v000001379690afa0_0;
    %store/vec4 v000001379690a320_0, 0, 8;
    %jmp T_2.6;
T_2.2 ;
    %load/vec4 v000001379690afa0_0;
    %store/vec4 v000001379690a960_0, 0, 8;
    %load/vec4 v000001379690adc0_0;
    %store/vec4 v000001379690a320_0, 0, 8;
    %jmp T_2.6;
T_2.3 ;
    %load/vec4 v000001379690afa0_0;
    %store/vec4 v000001379690a960_0, 0, 8;
    %load/vec4 v000001379690adc0_0;
    %store/vec4 v000001379690a320_0, 0, 8;
    %jmp T_2.6;
T_2.4 ;
    %load/vec4 v000001379690adc0_0;
    %store/vec4 v000001379690a960_0, 0, 8;
    %load/vec4 v000001379690afa0_0;
    %store/vec4 v000001379690a320_0, 0, 8;
    %jmp T_2.6;
T_2.6 ;
    %pop/vec4 1;
    %jmp T_2;
    .thread T_2, $push;
    .scope S_000001379690b420;
T_3 ;
    %wait E_00000137968b0c80;
    %load/vec4 v000001379690a500_0;
    %load/vec4 v000001379690a280_0;
    %concat/vec4; draw_concat_vec4
    %load/vec4 v000001379690caa0_0;
    %concat/vec4; draw_concat_vec4
    %load/vec4 v000001379690bb00_0;
    %concat/vec4; draw_concat_vec4
    %load/vec4 v000001379690ba60_0;
    %concat/vec4; draw_concat_vec4
    %dup/vec4;
    %pushi/vec4 15, 15, 5;
    %cmp/x;
    %jmp/1 T_3.0, 4;
    %dup/vec4;
    %pushi/vec4 25, 0, 5;
    %cmp/x;
    %jmp/1 T_3.1, 4;
    %dup/vec4;
    %pushi/vec4 26, 0, 5;
    %cmp/x;
    %jmp/1 T_3.2, 4;
    %dup/vec4;
    %pushi/vec4 17, 0, 5;
    %cmp/x;
    %jmp/1 T_3.3, 4;
    %dup/vec4;
    %pushi/vec4 18, 0, 5;
    %cmp/x;
    %jmp/1 T_3.4, 4;
    %load/vec4 v000001379690a6e0_0;
    %store/vec4 v000001379690a5a0_0, 0, 8;
    %load/vec4 v000001379690be20_0;
    %store/vec4 v000001379690b040_0, 0, 8;
    %jmp T_3.6;
T_3.0 ;
    %load/vec4 v000001379690be20_0;
    %store/vec4 v000001379690a5a0_0, 0, 8;
    %load/vec4 v000001379690a6e0_0;
    %store/vec4 v000001379690b040_0, 0, 8;
    %jmp T_3.6;
T_3.1 ;
    %load/vec4 v000001379690a6e0_0;
    %store/vec4 v000001379690a5a0_0, 0, 8;
    %load/vec4 v000001379690be20_0;
    %store/vec4 v000001379690b040_0, 0, 8;
    %jmp T_3.6;
T_3.2 ;
    %load/vec4 v000001379690be20_0;
    %store/vec4 v000001379690a5a0_0, 0, 8;
    %load/vec4 v000001379690a6e0_0;
    %store/vec4 v000001379690b040_0, 0, 8;
    %jmp T_3.6;
T_3.3 ;
    %load/vec4 v000001379690be20_0;
    %store/vec4 v000001379690a5a0_0, 0, 8;
    %load/vec4 v000001379690a6e0_0;
    %store/vec4 v000001379690b040_0, 0, 8;
    %jmp T_3.6;
T_3.4 ;
    %load/vec4 v000001379690a6e0_0;
    %store/vec4 v000001379690a5a0_0, 0, 8;
    %load/vec4 v000001379690be20_0;
    %store/vec4 v000001379690b040_0, 0, 8;
    %jmp T_3.6;
T_3.6 ;
    %pop/vec4 1;
    %jmp T_3;
    .thread T_3, $push;
    .scope S_000001379690d5c0;
T_4 ;
    %wait E_00000137968b0dc0;
    %load/vec4 v000001379690c140_0;
    %load/vec4 v000001379690c8c0_0;
    %concat/vec4; draw_concat_vec4
    %load/vec4 v000001379690c1e0_0;
    %concat/vec4; draw_concat_vec4
    %load/vec4 v000001379690bc40_0;
    %concat/vec4; draw_concat_vec4
    %load/vec4 v000001379690cc80_0;
    %concat/vec4; draw_concat_vec4
    %dup/vec4;
    %pushi/vec4 15, 15, 5;
    %cmp/x;
    %jmp/1 T_4.0, 4;
    %dup/vec4;
    %pushi/vec4 25, 0, 5;
    %cmp/x;
    %jmp/1 T_4.1, 4;
    %dup/vec4;
    %pushi/vec4 26, 0, 5;
    %cmp/x;
    %jmp/1 T_4.2, 4;
    %dup/vec4;
    %pushi/vec4 17, 0, 5;
    %cmp/x;
    %jmp/1 T_4.3, 4;
    %dup/vec4;
    %pushi/vec4 18, 0, 5;
    %cmp/x;
    %jmp/1 T_4.4, 4;
    %load/vec4 v000001379690bd80_0;
    %store/vec4 v000001379690bec0_0, 0, 8;
    %load/vec4 v000001379690b9c0_0;
    %store/vec4 v000001379690bba0_0, 0, 8;
    %jmp T_4.6;
T_4.0 ;
    %load/vec4 v000001379690b9c0_0;
    %store/vec4 v000001379690bec0_0, 0, 8;
    %load/vec4 v000001379690bd80_0;
    %store/vec4 v000001379690bba0_0, 0, 8;
    %jmp T_4.6;
T_4.1 ;
    %load/vec4 v000001379690bd80_0;
    %store/vec4 v000001379690bec0_0, 0, 8;
    %load/vec4 v000001379690b9c0_0;
    %store/vec4 v000001379690bba0_0, 0, 8;
    %jmp T_4.6;
T_4.2 ;
    %load/vec4 v000001379690b9c0_0;
    %store/vec4 v000001379690bec0_0, 0, 8;
    %load/vec4 v000001379690bd80_0;
    %store/vec4 v000001379690bba0_0, 0, 8;
    %jmp T_4.6;
T_4.3 ;
    %load/vec4 v000001379690b9c0_0;
    %store/vec4 v000001379690bec0_0, 0, 8;
    %load/vec4 v000001379690bd80_0;
    %store/vec4 v000001379690bba0_0, 0, 8;
    %jmp T_4.6;
T_4.4 ;
    %load/vec4 v000001379690bd80_0;
    %store/vec4 v000001379690bec0_0, 0, 8;
    %load/vec4 v000001379690b9c0_0;
    %store/vec4 v000001379690bba0_0, 0, 8;
    %jmp T_4.6;
T_4.6 ;
    %pop/vec4 1;
    %jmp T_4;
    .thread T_4, $push;
# The file index is used to find the file name in the following table.
:file_names 5;
    "N/A";
    "<interactive>";
    "-";
    "ordena_4_num.sv";
    "./ordena_2_num.sv";
